[debug] [2020-11-30T12:09:36.400Z] ----------------------------------------------------------------------
[debug] [2020-11-30T12:09:36.401Z] Command:       /usr/local/bin/node /usr/local/bin/firebase serve --host 192.168.1.108 --port 3300
[debug] [2020-11-30T12:09:36.402Z] CLI Version:   8.12.1
[debug] [2020-11-30T12:09:36.402Z] Platform:      darwin
[debug] [2020-11-30T12:09:36.402Z] Node Version:  v12.18.3
[debug] [2020-11-30T12:09:36.412Z] Time:          Mon Nov 30 2020 17:39:36 GMT+0530 (India Standard Time)
[debug] [2020-11-30T12:09:36.412Z] ----------------------------------------------------------------------
[debug] [2020-11-30T12:09:36.412Z] 
[debug] [2020-11-30T12:09:36.421Z] > command requires scopes: ["email","openid","https://www.googleapis.com/auth/cloudplatformprojects.readonly","https://www.googleapis.com/auth/firebase","https://www.googleapis.com/auth/cloud-platform"]
[debug] [2020-11-30T12:09:36.422Z] > authorizing via signed-in user
[debug] [2020-11-30T12:09:36.422Z] [iam] checking project snippet-web-9818a for permissions ["firebase.projects.get"]
[debug] [2020-11-30T12:09:36.424Z] >>> HTTP REQUEST POST https://cloudresourcemanager.googleapis.com/v1/projects/snippet-web-9818a:testIamPermissions  
 {"permissions":["firebase.projects.get"]}
[debug] [2020-11-30T12:09:38.256Z] <<< HTTP RESPONSE 200 {"content-type":"application/json; charset=UTF-8","vary":"X-Origin, Referer, Origin,Accept-Encoding","date":"Mon, 30 Nov 2020 12:09:37 GMT","server":"ESF","cache-control":"private","x-xss-protection":"0","x-frame-options":"SAMEORIGIN","x-content-type-options":"nosniff","server-timing":"gfet4t7; dur=1189","alt-svc":"h3-29=\":443\"; ma=2592000,h3-T051=\":443\"; ma=2592000,h3-Q050=\":443\"; ma=2592000,h3-Q046=\":443\"; ma=2592000,h3-Q043=\":443\"; ma=2592000,quic=\":443\"; ma=2592000; v=\"46,43\"","accept-ranges":"none","transfer-encoding":"chunked"}
[debug] [2020-11-30T12:09:38.257Z] >>> HTTP REQUEST GET https://firebase.googleapis.com/v1beta1/projects/snippet-web-9818a  
 
[debug] [2020-11-30T12:09:38.866Z] <<< HTTP RESPONSE 200 {"content-type":"application/json; charset=UTF-8","vary":"X-Origin, Referer, Origin,Accept-Encoding","date":"Mon, 30 Nov 2020 12:09:38 GMT","server":"ESF","cache-control":"private","x-xss-protection":"0","x-frame-options":"SAMEORIGIN","x-content-type-options":"nosniff","alt-svc":"h3-29=\":443\"; ma=2592000,h3-T051=\":443\"; ma=2592000,h3-Q050=\":443\"; ma=2592000,h3-Q046=\":443\"; ma=2592000,h3-Q043=\":443\"; ma=2592000,quic=\":443\"; ma=2592000; v=\"46,43\"","accept-ranges":"none","transfer-encoding":"chunked"}
[info] 
[info] === Serving from '/Users/ishaankapoor/Desktop/TEST_SNIPPET/snippet2'...
[info] 
[debug] [2020-11-30T12:09:38.871Z] >>> HTTP REQUEST GET https://firebase.googleapis.com/v1beta1/projects/snippet-web-9818a/webApps/-/config  
 
[warn] ⚠  Your requested "node" version "10" doesn't match your global version "12" {"metadata":{"emulator":{"name":"functions"},"message":"Your requested \"node\" version \"10\" doesn't match your global version \"12\""}}
[debug] [2020-11-30T12:09:38.886Z] defaultcredentials: writing to file /Users/ishaankapoor/.config/firebase/snippettheapp_gmail_com_application_default_credentials.json
[debug] [2020-11-30T12:09:38.888Z] Setting GAC to /Users/ishaankapoor/.config/firebase/snippettheapp_gmail_com_application_default_credentials.json {"metadata":{"emulator":{"name":"functions"},"message":"Setting GAC to /Users/ishaankapoor/.config/firebase/snippettheapp_gmail_com_application_default_credentials.json"}}
[debug] [2020-11-30T12:09:40.193Z] <<< HTTP RESPONSE 200 {"content-type":"application/json; charset=UTF-8","vary":"X-Origin, Referer, Origin,Accept-Encoding","date":"Mon, 30 Nov 2020 12:09:40 GMT","server":"ESF","cache-control":"private","x-xss-protection":"0","x-frame-options":"SAMEORIGIN","x-content-type-options":"nosniff","alt-svc":"h3-29=\":443\"; ma=2592000,h3-T051=\":443\"; ma=2592000,h3-Q050=\":443\"; ma=2592000,h3-Q046=\":443\"; ma=2592000,h3-Q043=\":443\"; ma=2592000,quic=\":443\"; ma=2592000; v=\"46,43\"","accept-ranges":"none","transfer-encoding":"chunked"}
[info] i  functions: Watching "/Users/ishaankapoor/Desktop/TEST_SNIPPET/snippet2/functions" for Cloud Functions... {"metadata":{"emulator":{"name":"functions"},"message":"Watching \"/Users/ishaankapoor/Desktop/TEST_SNIPPET/snippet2/functions\" for Cloud Functions..."}}
[debug] [2020-11-30T12:09:40.229Z] [worker-pool] addWorker(~diagnostic~) {"metadata":{"emulator":{"name":"functions"},"message":"[worker-pool] addWorker(~diagnostic~)"}}
[debug] [2020-11-30T12:09:40.230Z] [worker-pool] Adding worker with key ~diagnostic~, total=1 {"metadata":{"emulator":{"name":"functions"},"message":"[worker-pool] Adding worker with key ~diagnostic~, total=1"}}
[debug] [2020-11-30T12:09:40.230Z] [worker-pool] submitWork(triggerId=) {"metadata":{"emulator":{"name":"functions"},"message":"[worker-pool] submitWork(triggerId=)"}}
[debug] [2020-11-30T12:09:40.230Z] [worker-~diagnostic~-874ed202-3050-457d-8368-012001c20704]: Assigning socketPath: /var/folders/hf/vsrb3qhx56lcvwzppw523c040000gn/T/fire_emu_54360.sock {"metadata":{"emulator":{"name":"functions"},"message":"[worker-~diagnostic~-874ed202-3050-457d-8368-012001c20704]: Assigning socketPath: /var/folders/hf/vsrb3qhx56lcvwzppw523c040000gn/T/fire_emu_54360.sock"}}
[debug] [2020-11-30T12:09:40.231Z] [worker-~diagnostic~-874ed202-3050-457d-8368-012001c20704]: BUSY {"metadata":{"emulator":{"name":"functions"},"message":"[worker-~diagnostic~-874ed202-3050-457d-8368-012001c20704]: BUSY"}}
[info] i  hosting: Serving hosting files from: dist/snippet2 {"metadata":{"emulator":{"name":"hosting"},"message":"Serving hosting files from: \u001b[1mdist/snippet2\u001b[22m"}}
[info] ✔  hosting: Local server: http://192.168.1.108:3300 {"metadata":{"emulator":{"name":"hosting"},"message":"Local server: \u001b[4m\u001b[1mhttp://192.168.1.108:3300\u001b[22m\u001b[24m"}}
[debug] [2020-11-30T12:09:40.469Z] [runtime-status] [54360] Functions runtime initialized. {"cwd":"/Users/ishaankapoor/Desktop/TEST_SNIPPET/snippet2/functions","node_version":"12.18.3"} {"metadata":{"emulator":{"name":"functions"},"message":"[runtime-status] [54360] Functions runtime initialized. {\"cwd\":\"/Users/ishaankapoor/Desktop/TEST_SNIPPET/snippet2/functions\",\"node_version\":\"12.18.3\"}"}}
[debug] [2020-11-30T12:09:40.470Z] [runtime-status] [54360] Disabled runtime features: undefined {"metadata":{"emulator":{"name":"functions"},"message":"[runtime-status] [54360] Disabled runtime features: undefined"}}
[debug] [2020-11-30T12:09:40.473Z] [runtime-status] [54360] Resolved module firebase-admin {"declared":true,"installed":true,"version":"9.2.0","resolution":"/Users/ishaankapoor/Desktop/TEST_SNIPPET/snippet2/node_modules/firebase-admin/lib/index.js"} {"metadata":{"emulator":{"name":"functions"},"message":"[runtime-status] [54360] Resolved module firebase-admin {\"declared\":true,\"installed\":true,\"version\":\"9.2.0\",\"resolution\":\"/Users/ishaankapoor/Desktop/TEST_SNIPPET/snippet2/node_modules/firebase-admin/lib/index.js\"}"}}
[warn] ⚠  The Cloud Functions emulator requires the module "firebase-functions" to be installed. This package is in your package.json, but it's not available. You probably need to run "npm install" in your functions directory. {"metadata":{"emulator":{"name":"functions"},"message":"The Cloud Functions emulator requires the module \"firebase-functions\" to be installed. This package is in your package.json, but it's not available. You probably need to run \"npm install\" in your functions directory."}}
[info] i  functions: Your functions could not be parsed due to an issue with your node_modules (see above) {"metadata":{"emulator":{"name":"functions"},"message":"Your functions could not be parsed due to an issue with your node_modules (see above)"}}
[debug] [2020-11-30T12:09:40.492Z] [worker-~diagnostic~-874ed202-3050-457d-8368-012001c20704]: exited {"metadata":{"emulator":{"name":"functions"},"message":"[worker-~diagnostic~-874ed202-3050-457d-8368-012001c20704]: exited"}}
[debug] [2020-11-30T12:09:40.492Z] [worker-~diagnostic~-874ed202-3050-457d-8368-012001c20704]: FINISHED {"metadata":{"emulator":{"name":"functions"},"message":"[worker-~diagnostic~-874ed202-3050-457d-8368-012001c20704]: FINISHED"}}
